
> kenia-call-bridge-skeleton@0.1.0 start:calls
> node server/server.js

node:events:486
      throw er; // Unhandled 'error' event
      ^

Error: listen EADDRINUSE: address already in use :::3000
    at Server.setupListenHandle [as _listen2] (node:net:1940:16)
    at listenInCluster (node:net:1997:12)
    at Server.listen (node:net:2102:7)
    at file:///C:/Users/via/Downloads/KENIA/server/server.js:471:8
    at ModuleJob.run (node:internal/modules/esm/module_job:413:25)
    at async onImport.tracePromise.__proto__ (node:internal/modules/esm/loader:660:26)
    at async asyncRunEntryPointWithESMLoader (node:internal/modules/run_main:101:5)
Emitted 'error' event on Server instance at:
    at emitErrorNT (node:net:1976:8)
    at process.processTicksAndRejections (node:internal/process/task_queues:89:21) {
  code: 'EADDRINUSE',
  errno: -4091,
  syscall: 'listen',
  address: '::',
  port: 3000
}

Node.js v24.12.0

> kenia-call-bridge-skeleton@0.1.0 start:calls
> node server/server.js

Call bridge skeleton running on http://localhost:3000 

> kenia-call-bridge-skeleton@0.1.0 start:calls
> node server/server.js

Call bridge skeleton running on http://localhost:3000 

> kenia-call-bridge-skeleton@0.1.0 start:calls
> node server/server.js

Call bridge skeleton running on http://localhost:3000 

> kenia-call-bridge-skeleton@0.1.0 start:calls
> node server/server.js

Call bridge skeleton running on http://localhost:3000 

> kenia-call-bridge-skeleton@0.1.0 start:calls
> node server/server.js

Call bridge skeleton running on http://localhost:3000 

> kenia-call-bridge-skeleton@0.1.0 start:calls
> node server/server.js

Call bridge skeleton running on http://localhost:3000 

> kenia-call-bridge-skeleton@0.1.0 start:calls
> node server/server.js

Call bridge skeleton running on http://localhost:3000 

> kenia-call-bridge-skeleton@0.1.0 start:calls
> node server/server.js

Call bridge skeleton running on http://localhost:3000 

> kenia-call-bridge-skeleton@0.1.0 start:calls
> node server/server.js

Call bridge skeleton running on http://localhost:3000 

> kenia-call-bridge-skeleton@0.1.0 start:calls
> node server/server.js

Call bridge skeleton running on http://localhost:3000 

> kenia-call-bridge-skeleton@0.1.0 start:calls
> node server/server.js

Call bridge skeleton running on http://localhost:3000

> kenia-call-bridge-skeleton@0.1.0 start:calls
> node server/server.js

Call bridge skeleton running on http://localhost:3000 

> kenia-call-bridge-skeleton@0.1.0 start:calls
> node server/server.js

Call bridge skeleton running on http://localhost:3000 

> kenia-call-bridge-skeleton@0.1.0 start:calls
> node server/server.js

Call bridge skeleton running on http://localhost:3000 

> kenia-call-bridge-skeleton@0.1.0 start:calls
> node server/server.js

Call bridge skeleton running on http://localhost:3000 

> kenia-call-bridge-skeleton@0.1.0 start:calls
> node server/server.js

Call bridge skeleton running on http://localhost:3000 
[PROXY] GET /status -> http://127.0.0.1:3010/status
[PROXY] POST /send-message -> http://127.0.0.1:3010/send-message
[PROXY] GET /status -> http://127.0.0.1:3010/status
[PROXY] POST /send-message -> http://127.0.0.1:3010/send-message
[PROXY] GET /status -> http://127.0.0.1:3010/status
[PROXY] POST /send-message -> http://127.0.0.1:3010/send-message
